[0.087s] DEBUG:colcon:Command line arguments: ['/usr/bin/colcon', 'build']
[0.088s] DEBUG:colcon:Parsed command line arguments: Namespace(log_base=None, log_level=None, verb_name='build', build_base='build', install_base='install', merge_install=False, symlink_install=False, test_result_base=None, continue_on_error=False, executor='parallel', parallel_workers=32, event_handlers=None, ignore_user_meta=False, metas=['./colcon.meta'], base_paths=['.'], packages_ignore=None, packages_ignore_regex=None, paths=None, packages_up_to=None, packages_up_to_regex=None, packages_above=None, packages_above_and_dependencies=None, packages_above_depth=None, packages_select_by_dep=None, packages_skip_by_dep=None, packages_skip_up_to=None, packages_select_build_failed=False, packages_skip_build_finished=False, packages_select_test_failures=False, packages_skip_test_passed=False, packages_select=None, packages_skip=None, packages_select_regex=None, packages_skip_regex=None, packages_start=None, packages_end=None, allow_overriding=[], cmake_args=None, cmake_target=None, cmake_target_skip_unavailable=False, cmake_clean_cache=False, cmake_clean_first=False, cmake_force_configure=False, ament_cmake_args=None, catkin_cmake_args=None, catkin_skip_building_tests=False, mixin_files=None, mixin=None, verb_parser=<colcon_mixin.mixin.mixin_argument.MixinArgumentDecorator object at 0x7be207f891e0>, verb_extension=<colcon_core.verb.build.BuildVerb object at 0x7be207f07eb0>, main=<bound method BuildVerb.main of <colcon_core.verb.build.BuildVerb object at 0x7be207f07eb0>>, mixin_verb=('build',))
[0.155s] Level 1:colcon.colcon_core.package_discovery:discover_packages(colcon_meta) check parameters
[0.155s] Level 1:colcon.colcon_core.package_discovery:discover_packages(recursive) check parameters
[0.155s] Level 1:colcon.colcon_core.package_discovery:discover_packages(ignore) check parameters
[0.155s] Level 1:colcon.colcon_core.package_discovery:discover_packages(path) check parameters
[0.155s] Level 1:colcon.colcon_core.package_discovery:discover_packages(colcon_meta) discover
[0.155s] Level 1:colcon.colcon_core.package_discovery:discover_packages(recursive) discover
[0.156s] INFO:colcon.colcon_core.package_discovery:Crawling recursively for packages in '/home/camillo/workspace/Learning'
[0.156s] Level 1:colcon.colcon_core.package_identification:_identify(.) by extensions ['ignore', 'ignore_ament_install']
[0.156s] Level 1:colcon.colcon_core.package_identification:_identify(.) by extension 'ignore'
[0.156s] Level 1:colcon.colcon_core.package_identification:_identify(.) by extension 'ignore_ament_install'
[0.156s] Level 1:colcon.colcon_core.package_identification:_identify(.) by extensions ['colcon_pkg']
[0.156s] Level 1:colcon.colcon_core.package_identification:_identify(.) by extension 'colcon_pkg'
[0.156s] Level 1:colcon.colcon_core.package_identification:_identify(.) by extensions ['colcon_meta']
[0.156s] Level 1:colcon.colcon_core.package_identification:_identify(.) by extension 'colcon_meta'
[0.156s] Level 1:colcon.colcon_core.package_identification:_identify(.) by extensions ['ros']
[0.156s] Level 1:colcon.colcon_core.package_identification:_identify(.) by extension 'ros'
[0.166s] Level 1:colcon.colcon_core.package_identification:_identify(.) by extensions ['cmake', 'python']
[0.166s] Level 1:colcon.colcon_core.package_identification:_identify(.) by extension 'cmake'
[0.166s] Level 1:colcon.colcon_core.package_identification:_identify(.) by extension 'python'
[0.166s] Level 1:colcon.colcon_core.package_identification:_identify(.) by extensions ['python_setup_py']
[0.166s] Level 1:colcon.colcon_core.package_identification:_identify(.) by extension 'python_setup_py'
[0.166s] Level 1:colcon.colcon_core.package_identification:_identify(build) by extensions ['ignore', 'ignore_ament_install']
[0.166s] Level 1:colcon.colcon_core.package_identification:_identify(build) by extension 'ignore'
[0.166s] Level 1:colcon.colcon_core.package_identification:_identify(build) ignored
[0.166s] Level 1:colcon.colcon_core.package_identification:_identify(install) by extensions ['ignore', 'ignore_ament_install']
[0.166s] Level 1:colcon.colcon_core.package_identification:_identify(install) by extension 'ignore'
[0.166s] Level 1:colcon.colcon_core.package_identification:_identify(install) ignored
[0.166s] Level 1:colcon.colcon_core.package_identification:_identify(log) by extensions ['ignore', 'ignore_ament_install']
[0.166s] Level 1:colcon.colcon_core.package_identification:_identify(log) by extension 'ignore'
[0.166s] Level 1:colcon.colcon_core.package_identification:_identify(log) ignored
[0.166s] Level 1:colcon.colcon_core.package_identification:_identify(scripts) by extensions ['ignore', 'ignore_ament_install']
[0.166s] Level 1:colcon.colcon_core.package_identification:_identify(scripts) by extension 'ignore'
[0.166s] Level 1:colcon.colcon_core.package_identification:_identify(scripts) by extension 'ignore_ament_install'
[0.166s] Level 1:colcon.colcon_core.package_identification:_identify(scripts) by extensions ['colcon_pkg']
[0.166s] Level 1:colcon.colcon_core.package_identification:_identify(scripts) by extension 'colcon_pkg'
[0.166s] Level 1:colcon.colcon_core.package_identification:_identify(scripts) by extensions ['colcon_meta']
[0.166s] Level 1:colcon.colcon_core.package_identification:_identify(scripts) by extension 'colcon_meta'
[0.166s] Level 1:colcon.colcon_core.package_identification:_identify(scripts) by extensions ['ros']
[0.166s] Level 1:colcon.colcon_core.package_identification:_identify(scripts) by extension 'ros'
[0.166s] Level 1:colcon.colcon_core.package_identification:_identify(scripts) by extensions ['cmake', 'python']
[0.166s] Level 1:colcon.colcon_core.package_identification:_identify(scripts) by extension 'cmake'
[0.166s] Level 1:colcon.colcon_core.package_identification:_identify(scripts) by extension 'python'
[0.166s] Level 1:colcon.colcon_core.package_identification:_identify(scripts) by extensions ['python_setup_py']
[0.166s] Level 1:colcon.colcon_core.package_identification:_identify(scripts) by extension 'python_setup_py'
[0.167s] Level 1:colcon.colcon_core.package_identification:_identify(src) by extensions ['ignore', 'ignore_ament_install']
[0.167s] Level 1:colcon.colcon_core.package_identification:_identify(src) by extension 'ignore'
[0.167s] Level 1:colcon.colcon_core.package_identification:_identify(src) by extension 'ignore_ament_install'
[0.167s] Level 1:colcon.colcon_core.package_identification:_identify(src) by extensions ['colcon_pkg']
[0.167s] Level 1:colcon.colcon_core.package_identification:_identify(src) by extension 'colcon_pkg'
[0.167s] Level 1:colcon.colcon_core.package_identification:_identify(src) by extensions ['colcon_meta']
[0.167s] Level 1:colcon.colcon_core.package_identification:_identify(src) by extension 'colcon_meta'
[0.167s] Level 1:colcon.colcon_core.package_identification:_identify(src) by extensions ['ros']
[0.167s] Level 1:colcon.colcon_core.package_identification:_identify(src) by extension 'ros'
[0.167s] Level 1:colcon.colcon_core.package_identification:_identify(src) by extensions ['cmake', 'python']
[0.167s] Level 1:colcon.colcon_core.package_identification:_identify(src) by extension 'cmake'
[0.167s] Level 1:colcon.colcon_core.package_identification:_identify(src) by extension 'python'
[0.167s] Level 1:colcon.colcon_core.package_identification:_identify(src) by extensions ['python_setup_py']
[0.167s] Level 1:colcon.colcon_core.package_identification:_identify(src) by extension 'python_setup_py'
[0.167s] Level 1:colcon.colcon_core.package_identification:_identify(src/ur_msgs) by extensions ['ignore', 'ignore_ament_install']
[0.167s] Level 1:colcon.colcon_core.package_identification:_identify(src/ur_msgs) by extension 'ignore'
[0.167s] Level 1:colcon.colcon_core.package_identification:_identify(src/ur_msgs) by extension 'ignore_ament_install'
[0.167s] Level 1:colcon.colcon_core.package_identification:_identify(src/ur_msgs) by extensions ['colcon_pkg']
[0.167s] Level 1:colcon.colcon_core.package_identification:_identify(src/ur_msgs) by extension 'colcon_pkg'
[0.167s] Level 1:colcon.colcon_core.package_identification:_identify(src/ur_msgs) by extensions ['colcon_meta']
[0.167s] Level 1:colcon.colcon_core.package_identification:_identify(src/ur_msgs) by extension 'colcon_meta'
[0.167s] Level 1:colcon.colcon_core.package_identification:_identify(src/ur_msgs) by extensions ['ros']
[0.167s] Level 1:colcon.colcon_core.package_identification:_identify(src/ur_msgs) by extension 'ros'
[0.168s] DEBUG:colcon.colcon_core.package_identification:Package 'src/ur_msgs' with type 'ros.catkin' and name 'ur_msgs'
[0.168s] Level 1:colcon.colcon_core.package_identification:_identify(srv) by extensions ['ignore', 'ignore_ament_install']
[0.168s] Level 1:colcon.colcon_core.package_identification:_identify(srv) by extension 'ignore'
[0.168s] Level 1:colcon.colcon_core.package_identification:_identify(srv) by extension 'ignore_ament_install'
[0.168s] Level 1:colcon.colcon_core.package_identification:_identify(srv) by extensions ['colcon_pkg']
[0.168s] Level 1:colcon.colcon_core.package_identification:_identify(srv) by extension 'colcon_pkg'
[0.168s] Level 1:colcon.colcon_core.package_identification:_identify(srv) by extensions ['colcon_meta']
[0.168s] Level 1:colcon.colcon_core.package_identification:_identify(srv) by extension 'colcon_meta'
[0.168s] Level 1:colcon.colcon_core.package_identification:_identify(srv) by extensions ['ros']
[0.168s] Level 1:colcon.colcon_core.package_identification:_identify(srv) by extension 'ros'
[0.168s] Level 1:colcon.colcon_core.package_identification:_identify(srv) by extensions ['cmake', 'python']
[0.168s] Level 1:colcon.colcon_core.package_identification:_identify(srv) by extension 'cmake'
[0.168s] Level 1:colcon.colcon_core.package_identification:_identify(srv) by extension 'python'
[0.168s] Level 1:colcon.colcon_core.package_identification:_identify(srv) by extensions ['python_setup_py']
[0.168s] Level 1:colcon.colcon_core.package_identification:_identify(srv) by extension 'python_setup_py'
[0.168s] Level 1:colcon.colcon_core.package_discovery:discover_packages(recursive) using defaults
[0.168s] Level 1:colcon.colcon_core.package_discovery:discover_packages(ignore) discover
[0.168s] Level 1:colcon.colcon_core.package_discovery:discover_packages(ignore) using defaults
[0.168s] Level 1:colcon.colcon_core.package_discovery:discover_packages(path) discover
[0.168s] Level 1:colcon.colcon_core.package_discovery:discover_packages(path) using defaults
[0.181s] Level 1:colcon.colcon_core.package_discovery:discover_packages(prefix_path) check parameters
[0.181s] Level 1:colcon.colcon_core.package_discovery:discover_packages(prefix_path) discover
[0.181s] WARNING:colcon.colcon_ros.prefix_path.catkin:The path '/home/camillo/workspace/Learning/install/ur_msgs' in the environment variable CMAKE_PREFIX_PATH doesn't exist
[0.183s] DEBUG:colcon.colcon_installed_package_information.package_discovery:Found 0 installed packages in /home/camillo/workspace/Learning/install
[0.191s] Level 1:colcon.colcon_core.package_discovery:discover_packages(prefix_path) using defaults
[0.191s] Level 5:colcon.colcon_core.verb:set package 'ur_msgs' build argument 'cmake_args' from command line to 'None'
[0.191s] Level 5:colcon.colcon_core.verb:set package 'ur_msgs' build argument 'cmake_target' from command line to 'None'
[0.191s] Level 5:colcon.colcon_core.verb:set package 'ur_msgs' build argument 'cmake_target_skip_unavailable' from command line to 'False'
[0.191s] Level 5:colcon.colcon_core.verb:set package 'ur_msgs' build argument 'cmake_clean_cache' from command line to 'False'
[0.191s] Level 5:colcon.colcon_core.verb:set package 'ur_msgs' build argument 'cmake_clean_first' from command line to 'False'
[0.191s] Level 5:colcon.colcon_core.verb:set package 'ur_msgs' build argument 'cmake_force_configure' from command line to 'False'
[0.191s] Level 5:colcon.colcon_core.verb:set package 'ur_msgs' build argument 'ament_cmake_args' from command line to 'None'
[0.191s] Level 5:colcon.colcon_core.verb:set package 'ur_msgs' build argument 'catkin_cmake_args' from command line to 'None'
[0.191s] Level 5:colcon.colcon_core.verb:set package 'ur_msgs' build argument 'catkin_skip_building_tests' from command line to 'False'
[0.191s] DEBUG:colcon.colcon_core.verb:Building package 'ur_msgs' with the following arguments: {'ament_cmake_args': None, 'build_base': '/home/camillo/workspace/Learning/build/ur_msgs', 'catkin_cmake_args': None, 'catkin_skip_building_tests': False, 'cmake_args': None, 'cmake_clean_cache': False, 'cmake_clean_first': False, 'cmake_force_configure': False, 'cmake_target': None, 'cmake_target_skip_unavailable': False, 'install_base': '/home/camillo/workspace/Learning/install/ur_msgs', 'merge_install': False, 'path': '/home/camillo/workspace/Learning/src/ur_msgs', 'symlink_install': False, 'test_result_base': None}
[0.192s] INFO:colcon.colcon_core.executor:Executing jobs using 'parallel' executor
[0.192s] DEBUG:colcon.colcon_parallel_executor.executor.parallel:run_until_complete
[0.192s] INFO:colcon.colcon_ros.task.catkin.build:Building ROS package in '/home/camillo/workspace/Learning/src/ur_msgs' with build type 'catkin'
[0.192s] INFO:colcon.colcon_cmake.task.cmake.build:Building CMake package in '/home/camillo/workspace/Learning/src/ur_msgs'
[0.194s] INFO:colcon.colcon_core.plugin_system:Skipping extension 'colcon_core.shell.bat': Not used on non-Windows systems
[0.194s] INFO:colcon.colcon_core.shell:Skip shell extension 'powershell' for command environment: Not usable outside of PowerShell
[0.194s] DEBUG:colcon.colcon_core.shell:Skip shell extension 'dsv' for command environment
[0.195s] DEBUG:colcon.colcon_core.shell:Ignoring prefix path '/home/camillo/noetic_ws/devel_isolated/xacro'
[0.195s] DEBUG:colcon.colcon_core.shell:Ignoring prefix path '/home/camillo/noetic_ws/devel_isolated/visualization_marker_tutorials'
[0.196s] DEBUG:colcon.colcon_core.shell:Ignoring prefix path '/home/camillo/noetic_ws/devel_isolated/urdf_tutorial'
[0.196s] DEBUG:colcon.colcon_core.shell:Ignoring prefix path '/home/camillo/noetic_ws/devel_isolated/rviz_python_tutorial'
[0.196s] DEBUG:colcon.colcon_core.shell:Ignoring prefix path '/home/camillo/noetic_ws/devel_isolated/rviz_plugin_tutorials'
[0.196s] DEBUG:colcon.colcon_core.shell:Ignoring prefix path '/home/camillo/noetic_ws/devel_isolated/rqt_rviz'
[0.196s] DEBUG:colcon.colcon_core.shell:Ignoring prefix path '/home/camillo/noetic_ws/devel_isolated/librviz_tutorial'
[0.196s] DEBUG:colcon.colcon_core.shell:Ignoring prefix path '/home/camillo/noetic_ws/devel_isolated/rviz'
[0.196s] DEBUG:colcon.colcon_core.shell:Ignoring prefix path '/home/camillo/noetic_ws/devel_isolated/robot_state_publisher'
[0.196s] DEBUG:colcon.colcon_core.shell:Ignoring prefix path '/home/camillo/noetic_ws/devel_isolated/kdl_parser'
[0.196s] DEBUG:colcon.colcon_core.shell:Ignoring prefix path '/home/camillo/noetic_ws/devel_isolated/urdf'
[0.196s] DEBUG:colcon.colcon_core.shell:Ignoring prefix path '/home/camillo/noetic_ws/devel_isolated/turtle_tf2'
[0.196s] DEBUG:colcon.colcon_core.shell:Ignoring prefix path '/home/camillo/noetic_ws/devel_isolated/turtle_tf'
[0.196s] DEBUG:colcon.colcon_core.shell:Ignoring prefix path '/home/camillo/noetic_ws/devel_isolated/turtle_actionlib'
[0.196s] DEBUG:colcon.colcon_core.shell:Ignoring prefix path '/home/camillo/noetic_ws/devel_isolated/turtlesim'
[0.196s] DEBUG:colcon.colcon_core.shell:Ignoring prefix path '/home/camillo/noetic_ws/devel_isolated/tf_conversions'
[0.196s] DEBUG:colcon.colcon_core.shell:Ignoring prefix path '/home/camillo/noetic_ws/devel_isolated/tf2_kdl'
[0.196s] DEBUG:colcon.colcon_core.shell:Ignoring prefix path '/home/camillo/noetic_ws/devel_isolated/laser_geometry'
[0.196s] DEBUG:colcon.colcon_core.shell:Ignoring prefix path '/home/camillo/noetic_ws/devel_isolated/interactive_marker_tutorials'
[0.197s] DEBUG:colcon.colcon_core.shell:Ignoring prefix path '/home/camillo/noetic_ws/devel_isolated/interactive_markers'
[0.197s] DEBUG:colcon.colcon_core.shell:Ignoring prefix path '/home/camillo/noetic_ws/devel_isolated/tf2_geometry_msgs'
[0.197s] DEBUG:colcon.colcon_core.shell:Ignoring prefix path '/home/camillo/noetic_ws/devel_isolated/tf'
[0.197s] DEBUG:colcon.colcon_core.shell:Ignoring prefix path '/home/camillo/noetic_ws/devel_isolated/tf2_ros'
[0.197s] DEBUG:colcon.colcon_core.shell:Ignoring prefix path '/home/camillo/noetic_ws/devel_isolated/stereo_msgs'
[0.197s] DEBUG:colcon.colcon_core.shell:Ignoring prefix path '/home/camillo/noetic_ws/devel_isolated/rqt_image_view'
[0.197s] DEBUG:colcon.colcon_core.shell:Ignoring prefix path '/home/camillo/noetic_ws/devel_isolated/map_msgs'
[0.197s] DEBUG:colcon.colcon_core.shell:Ignoring prefix path '/home/camillo/noetic_ws/devel_isolated/image_transport'
[0.197s] DEBUG:colcon.colcon_core.shell:Ignoring prefix path '/home/camillo/noetic_ws/devel_isolated/cv_bridge'
[0.197s] DEBUG:colcon.colcon_core.shell:Ignoring prefix path '/home/camillo/noetic_ws/devel_isolated/sensor_msgs'
[0.197s] DEBUG:colcon.colcon_core.shell:Ignoring prefix path '/home/camillo/noetic_ws/devel_isolated/rqt_launch'
[0.197s] DEBUG:colcon.colcon_core.shell:Ignoring prefix path '/home/camillo/noetic_ws/devel_isolated/roswtf'
[0.197s] DEBUG:colcon.colcon_core.shell:Ignoring prefix path '/home/camillo/noetic_ws/devel_isolated/nodelet_topic_tools'
[0.197s] DEBUG:colcon.colcon_core.shell:Ignoring prefix path '/home/camillo/noetic_ws/devel_isolated/diagnostic_analysis'
[0.197s] DEBUG:colcon.colcon_core.shell:Ignoring prefix path '/home/camillo/noetic_ws/devel_isolated/actionlib_tutorials'
[0.197s] DEBUG:colcon.colcon_core.shell:Ignoring prefix path '/home/camillo/noetic_ws/devel_isolated/actionlib'
[0.197s] DEBUG:colcon.colcon_core.shell:Ignoring prefix path '/home/camillo/noetic_ws/devel_isolated/rosbag'
[0.198s] DEBUG:colcon.colcon_core.shell:Ignoring prefix path '/home/camillo/noetic_ws/devel_isolated/topic_tools'
[0.198s] DEBUG:colcon.colcon_core.shell:Ignoring prefix path '/home/camillo/noetic_ws/devel_isolated/tf2_py'
[0.198s] DEBUG:colcon.colcon_core.shell:Ignoring prefix path '/home/camillo/noetic_ws/devel_isolated/smach_ros'
[0.198s] DEBUG:colcon.colcon_core.shell:Ignoring prefix path '/home/camillo/noetic_ws/devel_isolated/self_test'
[0.198s] DEBUG:colcon.colcon_core.shell:Ignoring prefix path '/home/camillo/noetic_ws/devel_isolated/rqt_reconfigure'
[0.198s] DEBUG:colcon.colcon_core.shell:Ignoring prefix path '/home/camillo/noetic_ws/devel_isolated/rqt_gui_py'
[0.198s] DEBUG:colcon.colcon_core.shell:Ignoring prefix path '/home/camillo/noetic_ws/devel_isolated/rqt_gui_cpp'
[0.198s] DEBUG:colcon.colcon_core.shell:Ignoring prefix path '/home/camillo/noetic_ws/devel_isolated/rostopic'
[0.198s] DEBUG:colcon.colcon_core.shell:Ignoring prefix path '/home/camillo/noetic_ws/devel_isolated/rospy_tutorials'
[0.198s] DEBUG:colcon.colcon_core.shell:Ignoring prefix path '/home/camillo/noetic_ws/devel_isolated/rosnode'
[0.198s] DEBUG:colcon.colcon_core.shell:Ignoring prefix path '/home/camillo/noetic_ws/devel_isolated/rosmsg'
[0.198s] DEBUG:colcon.colcon_core.shell:Ignoring prefix path '/home/camillo/noetic_ws/devel_isolated/rosbag_storage'
[0.198s] DEBUG:colcon.colcon_core.shell:Ignoring prefix path '/home/camillo/noetic_ws/devel_isolated/message_filters'
[0.198s] DEBUG:colcon.colcon_core.shell:Ignoring prefix path '/home/camillo/noetic_ws/devel_isolated/joint_state_publisher'
[0.198s] DEBUG:colcon.colcon_core.shell:Ignoring prefix path '/home/camillo/noetic_ws/devel_isolated/filters'
[0.198s] DEBUG:colcon.colcon_core.shell:Ignoring prefix path '/home/camillo/noetic_ws/devel_isolated/dynamic_reconfigure'
[0.198s] DEBUG:colcon.colcon_core.shell:Ignoring prefix path '/home/camillo/noetic_ws/devel_isolated/diagnostic_common_diagnostics'
[0.199s] DEBUG:colcon.colcon_core.shell:Ignoring prefix path '/home/camillo/noetic_ws/devel_isolated/diagnostic_updater'
[0.199s] DEBUG:colcon.colcon_core.shell:Ignoring prefix path '/home/camillo/noetic_ws/devel_isolated/diagnostic_aggregator'
[0.199s] DEBUG:colcon.colcon_core.shell:Ignoring prefix path '/home/camillo/noetic_ws/devel_isolated/rosout'
[0.199s] DEBUG:colcon.colcon_core.shell:Ignoring prefix path '/home/camillo/noetic_ws/devel_isolated/roscpp_tutorials'
[0.199s] DEBUG:colcon.colcon_core.shell:Ignoring prefix path '/home/camillo/noetic_ws/devel_isolated/pluginlib_tutorials'
[0.199s] DEBUG:colcon.colcon_core.shell:Ignoring prefix path '/home/camillo/noetic_ws/devel_isolated/nodelet_tutorial_math'
[0.199s] DEBUG:colcon.colcon_core.shell:Ignoring prefix path '/home/camillo/noetic_ws/devel_isolated/nodelet'
[0.199s] DEBUG:colcon.colcon_core.shell:Ignoring prefix path '/home/camillo/noetic_ws/devel_isolated/bondpy'
[0.199s] DEBUG:colcon.colcon_core.shell:Ignoring prefix path '/home/camillo/noetic_ws/devel_isolated/bondcpp'
[0.199s] DEBUG:colcon.colcon_core.shell:Ignoring prefix path '/home/camillo/noetic_ws/devel_isolated/roscpp'
[0.199s] DEBUG:colcon.colcon_core.shell:Ignoring prefix path '/home/camillo/noetic_ws/devel_isolated/xmlrpcpp'
[0.199s] DEBUG:colcon.colcon_core.shell:Ignoring prefix path '/home/camillo/noetic_ws/devel_isolated/webkit_dependency'
[0.199s] DEBUG:colcon.colcon_core.shell:Ignoring prefix path '/home/camillo/noetic_ws/devel_isolated/viz'
[0.199s] DEBUG:colcon.colcon_core.shell:Ignoring prefix path '/home/camillo/noetic_ws/devel_isolated/visualization_tutorials'
[0.199s] DEBUG:colcon.colcon_core.shell:Ignoring prefix path '/home/camillo/noetic_ws/devel_isolated/visualization_msgs'
[0.199s] DEBUG:colcon.colcon_core.shell:Ignoring prefix path '/home/camillo/noetic_ws/devel_isolated/urdf_parser_plugin'
[0.199s] DEBUG:colcon.colcon_core.shell:Ignoring prefix path '/home/camillo/noetic_ws/devel_isolated/control_msgs'
[0.200s] DEBUG:colcon.colcon_core.shell:Ignoring prefix path '/home/camillo/noetic_ws/devel_isolated/trajectory_msgs'
[0.200s] DEBUG:colcon.colcon_core.shell:Ignoring prefix path '/home/camillo/noetic_ws/devel_isolated/tf2'
[0.200s] DEBUG:colcon.colcon_core.shell:Ignoring prefix path '/home/camillo/noetic_ws/devel_isolated/tf2_msgs'
[0.200s] DEBUG:colcon.colcon_core.shell:Ignoring prefix path '/home/camillo/noetic_ws/devel_isolated/std_srvs'
[0.200s] DEBUG:colcon.colcon_core.shell:Ignoring prefix path '/home/camillo/noetic_ws/devel_isolated/smach_msgs'
[0.200s] DEBUG:colcon.colcon_core.shell:Ignoring prefix path '/home/camillo/noetic_ws/devel_isolated/shape_msgs'
[0.200s] DEBUG:colcon.colcon_core.shell:Ignoring prefix path '/home/camillo/noetic_ws/devel_isolated/rqt_py_common'
[0.200s] DEBUG:colcon.colcon_core.shell:Ignoring prefix path '/home/camillo/noetic_ws/devel_isolated/rosgraph_msgs'
[0.200s] DEBUG:colcon.colcon_core.shell:Ignoring prefix path '/home/camillo/noetic_ws/devel_isolated/nav_msgs'
[0.200s] DEBUG:colcon.colcon_core.shell:Ignoring prefix path '/home/camillo/noetic_ws/devel_isolated/kdl_conversions'
[0.200s] DEBUG:colcon.colcon_core.shell:Ignoring prefix path '/home/camillo/noetic_ws/devel_isolated/eigen_conversions'
[0.200s] DEBUG:colcon.colcon_core.shell:Ignoring prefix path '/home/camillo/noetic_ws/devel_isolated/geometry_msgs'
[0.200s] DEBUG:colcon.colcon_core.shell:Ignoring prefix path '/home/camillo/noetic_ws/devel_isolated/diagnostic_msgs'
[0.200s] DEBUG:colcon.colcon_core.shell:Ignoring prefix path '/home/camillo/noetic_ws/devel_isolated/bond'
[0.200s] DEBUG:colcon.colcon_core.shell:Ignoring prefix path '/home/camillo/noetic_ws/devel_isolated/actionlib_msgs'
[0.200s] DEBUG:colcon.colcon_core.shell:Ignoring prefix path '/home/camillo/noetic_ws/devel_isolated/std_msgs'
[0.200s] DEBUG:colcon.colcon_core.shell:Ignoring prefix path '/home/camillo/noetic_ws/devel_isolated/smclib'
[0.201s] DEBUG:colcon.colcon_core.shell:Ignoring prefix path '/home/camillo/noetic_ws/devel_isolated/smach'
[0.201s] DEBUG:colcon.colcon_core.shell:Ignoring prefix path '/home/camillo/noetic_ws/devel_isolated/rqt_web'
[0.201s] DEBUG:colcon.colcon_core.shell:Ignoring prefix path '/home/camillo/noetic_ws/devel_isolated/rqt_topic'
[0.201s] DEBUG:colcon.colcon_core.shell:Ignoring prefix path '/home/camillo/noetic_ws/devel_isolated/rqt_top'
[0.201s] DEBUG:colcon.colcon_core.shell:Ignoring prefix path '/home/camillo/noetic_ws/devel_isolated/rqt_tf_tree'
[0.201s] DEBUG:colcon.colcon_core.shell:Ignoring prefix path '/home/camillo/noetic_ws/devel_isolated/rqt_srv'
[0.201s] DEBUG:colcon.colcon_core.shell:Ignoring prefix path '/home/camillo/noetic_ws/devel_isolated/rqt_shell'
[0.201s] DEBUG:colcon.colcon_core.shell:Ignoring prefix path '/home/camillo/noetic_ws/devel_isolated/rqt_service_caller'
[0.201s] DEBUG:colcon.colcon_core.shell:Ignoring prefix path '/home/camillo/noetic_ws/devel_isolated/rqt_runtime_monitor'
[0.201s] DEBUG:colcon.colcon_core.shell:Ignoring prefix path '/home/camillo/noetic_ws/devel_isolated/rqt_robot_steering'
[0.201s] DEBUG:colcon.colcon_core.shell:Ignoring prefix path '/home/camillo/noetic_ws/devel_isolated/rqt_robot_plugins'
[0.201s] DEBUG:colcon.colcon_core.shell:Ignoring prefix path '/home/camillo/noetic_ws/devel_isolated/rqt_robot_monitor'
[0.201s] DEBUG:colcon.colcon_core.shell:Ignoring prefix path '/home/camillo/noetic_ws/devel_isolated/rqt_robot_dashboard'
[0.201s] DEBUG:colcon.colcon_core.shell:Ignoring prefix path '/home/camillo/noetic_ws/devel_isolated/rqt_py_console'
[0.201s] DEBUG:colcon.colcon_core.shell:Ignoring prefix path '/home/camillo/noetic_ws/devel_isolated/rqt_publisher'
[0.201s] DEBUG:colcon.colcon_core.shell:Ignoring prefix path '/home/camillo/noetic_ws/devel_isolated/rqt_pose_view'
[0.201s] DEBUG:colcon.colcon_core.shell:Ignoring prefix path '/home/camillo/noetic_ws/devel_isolated/rqt_plot'
[0.202s] DEBUG:colcon.colcon_core.shell:Ignoring prefix path '/home/camillo/noetic_ws/devel_isolated/rqt_nav_view'
[0.202s] DEBUG:colcon.colcon_core.shell:Ignoring prefix path '/home/camillo/noetic_ws/devel_isolated/rqt_msg'
[0.202s] DEBUG:colcon.colcon_core.shell:Ignoring prefix path '/home/camillo/noetic_ws/devel_isolated/rqt_moveit'
[0.202s] DEBUG:colcon.colcon_core.shell:Ignoring prefix path '/home/camillo/noetic_ws/devel_isolated/rqt_logger_level'
[0.202s] DEBUG:colcon.colcon_core.shell:Ignoring prefix path '/home/camillo/noetic_ws/devel_isolated/rqt_gui'
[0.202s] DEBUG:colcon.colcon_core.shell:Ignoring prefix path '/home/camillo/noetic_ws/devel_isolated/rqt_graph'
[0.202s] DEBUG:colcon.colcon_core.shell:Ignoring prefix path '/home/camillo/noetic_ws/devel_isolated/rqt_dep'
[0.202s] DEBUG:colcon.colcon_core.shell:Ignoring prefix path '/home/camillo/noetic_ws/devel_isolated/rqt_console'
[0.202s] DEBUG:colcon.colcon_core.shell:Ignoring prefix path '/home/camillo/noetic_ws/devel_isolated/rqt_common_plugins'
[0.202s] DEBUG:colcon.colcon_core.shell:Ignoring prefix path '/home/camillo/noetic_ws/devel_isolated/rqt_bag_plugins'
[0.202s] DEBUG:colcon.colcon_core.shell:Ignoring prefix path '/home/camillo/noetic_ws/devel_isolated/rqt_bag'
[0.202s] DEBUG:colcon.colcon_core.shell:Ignoring prefix path '/home/camillo/noetic_ws/devel_isolated/rqt_action'
[0.202s] DEBUG:colcon.colcon_core.shell:Ignoring prefix path '/home/camillo/noetic_ws/devel_isolated/rostest'
[0.202s] DEBUG:colcon.colcon_core.shell:Ignoring prefix path '/home/camillo/noetic_ws/devel_isolated/roslz4'
[0.202s] DEBUG:colcon.colcon_core.shell:Ignoring prefix path '/home/camillo/noetic_ws/devel_isolated/rosconsole_bridge'
[0.202s] DEBUG:colcon.colcon_core.shell:Ignoring prefix path '/home/camillo/noetic_ws/devel_isolated/resource_retriever'
[0.202s] DEBUG:colcon.colcon_core.shell:Ignoring prefix path '/home/camillo/noetic_ws/devel_isolated/qt_gui_cpp'
[0.203s] DEBUG:colcon.colcon_core.shell:Ignoring prefix path '/home/camillo/noetic_ws/devel_isolated/pluginlib'
[0.203s] DEBUG:colcon.colcon_core.shell:Ignoring prefix path '/home/camillo/noetic_ws/devel_isolated/rosconsole'
[0.203s] DEBUG:colcon.colcon_core.shell:Ignoring prefix path '/home/camillo/noetic_ws/devel_isolated/angles'
[0.203s] DEBUG:colcon.colcon_core.shell:Ignoring prefix path '/home/camillo/noetic_ws/devel_isolated/rosunit'
[0.203s] DEBUG:colcon.colcon_core.shell:Ignoring prefix path '/home/camillo/noetic_ws/devel_isolated/roslaunch'
[0.203s] DEBUG:colcon.colcon_core.shell:Ignoring prefix path '/home/camillo/noetic_ws/devel_isolated/python_qt_binding'
[0.203s] DEBUG:colcon.colcon_core.shell:Ignoring prefix path '/home/camillo/noetic_ws/devel_isolated/roscpp_serialization'
[0.203s] DEBUG:colcon.colcon_core.shell:Ignoring prefix path '/home/camillo/noetic_ws/devel_isolated/rostime'
[0.203s] DEBUG:colcon.colcon_core.shell:Ignoring prefix path '/home/camillo/noetic_ws/devel_isolated/rosservice'
[0.203s] DEBUG:colcon.colcon_core.shell:Ignoring prefix path '/home/camillo/noetic_ws/devel_isolated/rospy'
[0.203s] DEBUG:colcon.colcon_core.shell:Ignoring prefix path '/home/camillo/noetic_ws/devel_isolated/rosparam'
[0.203s] DEBUG:colcon.colcon_core.shell:Ignoring prefix path '/home/camillo/noetic_ws/devel_isolated/roslib'
[0.203s] DEBUG:colcon.colcon_core.shell:Ignoring prefix path '/home/camillo/noetic_ws/devel_isolated/rospack'
[0.203s] DEBUG:colcon.colcon_core.shell:Ignoring prefix path '/home/camillo/noetic_ws/devel_isolated/rosmaster'
[0.203s] DEBUG:colcon.colcon_core.shell:Ignoring prefix path '/home/camillo/noetic_ws/devel_isolated/rosmake'
[0.203s] DEBUG:colcon.colcon_core.shell:Ignoring prefix path '/home/camillo/noetic_ws/devel_isolated/roslisp'
[0.203s] DEBUG:colcon.colcon_core.shell:Ignoring prefix path '/home/camillo/noetic_ws/devel_isolated/roslint'
[0.204s] DEBUG:colcon.colcon_core.shell:Ignoring prefix path '/home/camillo/noetic_ws/devel_isolated/roslang'
[0.204s] DEBUG:colcon.colcon_core.shell:Ignoring prefix path '/home/camillo/noetic_ws/devel_isolated/rosgraph'
[0.204s] DEBUG:colcon.colcon_core.shell:Ignoring prefix path '/home/camillo/noetic_ws/devel_isolated/roscreate'
[0.204s] DEBUG:colcon.colcon_core.shell:Ignoring prefix path '/home/camillo/noetic_ws/devel_isolated/roscpp_traits'
[0.204s] DEBUG:colcon.colcon_core.shell:Ignoring prefix path '/home/camillo/noetic_ws/devel_isolated/roscpp_core'
[0.204s] DEBUG:colcon.colcon_core.shell:Ignoring prefix path '/home/camillo/noetic_ws/devel_isolated/rosclean'
[0.204s] DEBUG:colcon.colcon_core.shell:Ignoring prefix path '/home/camillo/noetic_ws/devel_isolated/rosbuild'
[0.204s] DEBUG:colcon.colcon_core.shell:Ignoring prefix path '/home/camillo/noetic_ws/devel_isolated/rosboost_cfg'
[0.204s] DEBUG:colcon.colcon_core.shell:Ignoring prefix path '/home/camillo/noetic_ws/devel_isolated/rosbash'
[0.204s] DEBUG:colcon.colcon_core.shell:Ignoring prefix path '/home/camillo/noetic_ws/devel_isolated/rosbag_migration_rule'
[0.204s] DEBUG:colcon.colcon_core.shell:Ignoring prefix path '/home/camillo/noetic_ws/devel_isolated/ros_tutorials'
[0.204s] DEBUG:colcon.colcon_core.shell:Ignoring prefix path '/home/camillo/noetic_ws/devel_isolated/ros_environment'
[0.204s] DEBUG:colcon.colcon_core.shell:Ignoring prefix path '/home/camillo/noetic_ws/devel_isolated/ros_core'
[0.204s] DEBUG:colcon.colcon_core.shell:Ignoring prefix path '/home/camillo/noetic_ws/devel_isolated/ros_comm'
[0.204s] DEBUG:colcon.colcon_core.shell:Ignoring prefix path '/home/camillo/noetic_ws/devel_isolated/ros_base'
[0.204s] DEBUG:colcon.colcon_core.shell:Ignoring prefix path '/home/camillo/noetic_ws/devel_isolated/ros'
[0.204s] DEBUG:colcon.colcon_core.shell:Ignoring prefix path '/home/camillo/noetic_ws/devel_isolated/robot'
[0.205s] DEBUG:colcon.colcon_core.shell:Ignoring prefix path '/home/camillo/noetic_ws/devel_isolated/qwt_dependency'
[0.205s] DEBUG:colcon.colcon_core.shell:Ignoring prefix path '/home/camillo/noetic_ws/devel_isolated/qt_gui_py_common'
[0.205s] DEBUG:colcon.colcon_core.shell:Ignoring prefix path '/home/camillo/noetic_ws/devel_isolated/qt_gui'
[0.205s] DEBUG:colcon.colcon_core.shell:Ignoring prefix path '/home/camillo/noetic_ws/devel_isolated/qt_dotgraph'
[0.205s] DEBUG:colcon.colcon_core.shell:Ignoring prefix path '/home/camillo/noetic_ws/devel_isolated/nodelet_core'
[0.205s] DEBUG:colcon.colcon_core.shell:Ignoring prefix path '/home/camillo/noetic_ws/devel_isolated/mk'
[0.205s] DEBUG:colcon.colcon_core.shell:Ignoring prefix path '/home/camillo/noetic_ws/devel_isolated/message_runtime'
[0.205s] DEBUG:colcon.colcon_core.shell:Ignoring prefix path '/home/camillo/noetic_ws/devel_isolated/message_generation'
[0.205s] DEBUG:colcon.colcon_core.shell:Ignoring prefix path '/home/camillo/noetic_ws/devel_isolated/media_export'
[0.205s] DEBUG:colcon.colcon_core.shell:Ignoring prefix path '/home/camillo/noetic_ws/devel_isolated/joint_state_publisher_gui'
[0.205s] DEBUG:colcon.colcon_core.shell:Ignoring prefix path '/home/camillo/noetic_ws/devel_isolated/gl_dependency'
[0.205s] DEBUG:colcon.colcon_core.shell:Ignoring prefix path '/home/camillo/noetic_ws/devel_isolated/geometry_tutorials'
[0.205s] DEBUG:colcon.colcon_core.shell:Ignoring prefix path '/home/camillo/noetic_ws/devel_isolated/geometry'
[0.205s] DEBUG:colcon.colcon_core.shell:Ignoring prefix path '/home/camillo/noetic_ws/devel_isolated/executive_smach'
[0.205s] DEBUG:colcon.colcon_core.shell:Ignoring prefix path '/home/camillo/noetic_ws/devel_isolated/diagnostics'
[0.205s] DEBUG:colcon.colcon_core.shell:Ignoring prefix path '/home/camillo/noetic_ws/devel_isolated/desktop'
[0.205s] DEBUG:colcon.colcon_core.shell:Ignoring prefix path '/home/camillo/noetic_ws/devel_isolated/cpp_common'
[0.206s] DEBUG:colcon.colcon_core.shell:Ignoring prefix path '/home/camillo/noetic_ws/devel_isolated/common_tutorials'
[0.206s] DEBUG:colcon.colcon_core.shell:Ignoring prefix path '/home/camillo/noetic_ws/devel_isolated/common_msgs'
[0.206s] DEBUG:colcon.colcon_core.shell:Ignoring prefix path '/home/camillo/noetic_ws/devel_isolated/class_loader'
[0.206s] DEBUG:colcon.colcon_core.shell:Ignoring prefix path '/home/camillo/noetic_ws/devel_isolated/cmake_modules'
[0.206s] DEBUG:colcon.colcon_core.shell:Ignoring prefix path '/home/camillo/noetic_ws/devel_isolated/bond_core'
[0.206s] DEBUG:colcon.colcon_core.shell:Ignoring prefix path '/home/camillo/noetic_ws/devel_isolated/genpy'
[0.206s] DEBUG:colcon.colcon_core.shell:Ignoring prefix path '/home/camillo/noetic_ws/devel_isolated/gennodejs'
[0.206s] DEBUG:colcon.colcon_core.shell:Ignoring prefix path '/home/camillo/noetic_ws/devel_isolated/genlisp'
[0.206s] DEBUG:colcon.colcon_core.shell:Ignoring prefix path '/home/camillo/noetic_ws/devel_isolated/geneus'
[0.206s] DEBUG:colcon.colcon_core.shell:Ignoring prefix path '/home/camillo/noetic_ws/devel_isolated/gencpp'
[0.206s] DEBUG:colcon.colcon_core.shell:Ignoring prefix path '/home/camillo/noetic_ws/devel_isolated/genmsg'
[0.206s] DEBUG:colcon.colcon_core.shell:Ignoring prefix path '/home/camillo/noetic_ws/devel_isolated/catkin'
[0.212s] DEBUG:colcon.colcon_core.event_handler.log_command:Invoking command in '/home/camillo/workspace/Learning/build/ur_msgs': /usr/bin/cmake /home/camillo/workspace/Learning/src/ur_msgs -DCATKIN_INSTALL_INTO_PREFIX_ROOT=0 -DCMAKE_INSTALL_PREFIX=/home/camillo/workspace/Learning/install/ur_msgs
[1.884s] DEBUG:colcon.colcon_core.event_handler.log_command:Invoked command in '/home/camillo/workspace/Learning/build/ur_msgs' returned '0': /usr/bin/cmake /home/camillo/workspace/Learning/src/ur_msgs -DCATKIN_INSTALL_INTO_PREFIX_ROOT=0 -DCMAKE_INSTALL_PREFIX=/home/camillo/workspace/Learning/install/ur_msgs
[1.886s] DEBUG:colcon.colcon_core.event_handler.log_command:Invoking command in '/home/camillo/workspace/Learning/build/ur_msgs': /usr/bin/cmake --build /home/camillo/workspace/Learning/build/ur_msgs -- -j32 -l32
[2.867s] DEBUG:colcon.colcon_core.event_handler.log_command:Invoked command in '/home/camillo/workspace/Learning/build/ur_msgs' returned '0': /usr/bin/cmake --build /home/camillo/workspace/Learning/build/ur_msgs -- -j32 -l32
[2.968s] DEBUG:colcon.colcon_core.event_handler.log_command:Invoking command in '/home/camillo/workspace/Learning/build/ur_msgs': /usr/bin/cmake --build /home/camillo/workspace/Learning/build/ur_msgs --target tests -- -j32 -l32
[3.057s] DEBUG:colcon.colcon_core.event_handler.log_command:Invoked command in '/home/camillo/workspace/Learning/build/ur_msgs' returned '0': /usr/bin/cmake --build /home/camillo/workspace/Learning/build/ur_msgs --target tests -- -j32 -l32
[3.167s] DEBUG:colcon.colcon_core.event_handler.log_command:Invoking command in '/home/camillo/workspace/Learning/build/ur_msgs': /usr/bin/cmake --install /home/camillo/workspace/Learning/build/ur_msgs
[3.230s] DEBUG:colcon.colcon_core.event_handler.log_command:Invoked command in '/home/camillo/workspace/Learning/build/ur_msgs' returned '0': /usr/bin/cmake --install /home/camillo/workspace/Learning/build/ur_msgs
[3.384s] Level 1:colcon.colcon_core.shell:create_environment_hook('ur_msgs', 'ros_package_path')
[3.385s] INFO:colcon.colcon_core.shell:Creating environment hook '/home/camillo/workspace/Learning/install/ur_msgs/share/ur_msgs/hook/ros_package_path.ps1'
[3.385s] INFO:colcon.colcon_core.shell:Creating environment descriptor '/home/camillo/workspace/Learning/install/ur_msgs/share/ur_msgs/hook/ros_package_path.dsv'
[3.386s] INFO:colcon.colcon_core.shell:Creating environment hook '/home/camillo/workspace/Learning/install/ur_msgs/share/ur_msgs/hook/ros_package_path.sh'
[3.386s] Level 1:colcon.colcon_ros.task.catkin:checking '/home/camillo/workspace/Learning/install/ur_msgs/lib/python3/dist-packages'
[3.386s] Level 1:colcon.colcon_core.shell:create_environment_hook('ur_msgs', 'catkin_pythonpath')
[3.387s] INFO:colcon.colcon_core.shell:Creating environment hook '/home/camillo/workspace/Learning/install/ur_msgs/share/ur_msgs/hook/catkin_pythonpath.ps1'
[3.387s] INFO:colcon.colcon_core.shell:Creating environment descriptor '/home/camillo/workspace/Learning/install/ur_msgs/share/ur_msgs/hook/catkin_pythonpath.dsv'
[3.387s] INFO:colcon.colcon_core.shell:Creating environment hook '/home/camillo/workspace/Learning/install/ur_msgs/share/ur_msgs/hook/catkin_pythonpath.sh'
[3.387s] Level 1:colcon.colcon_core.shell:create_environment_hook('ur_msgs', 'pkg_config_path')
[3.387s] INFO:colcon.colcon_core.shell:Creating environment hook '/home/camillo/workspace/Learning/install/ur_msgs/share/ur_msgs/hook/pkg_config_path.ps1'
[3.388s] INFO:colcon.colcon_core.shell:Creating environment descriptor '/home/camillo/workspace/Learning/install/ur_msgs/share/ur_msgs/hook/pkg_config_path.dsv'
[3.388s] INFO:colcon.colcon_core.shell:Creating environment hook '/home/camillo/workspace/Learning/install/ur_msgs/share/ur_msgs/hook/pkg_config_path.sh'
[3.392s] Level 1:colcon.colcon_core.shell:create_environment_hook('ur_msgs', 'pkg_config_path_multiarch')
[3.393s] INFO:colcon.colcon_core.shell:Creating environment hook '/home/camillo/workspace/Learning/install/ur_msgs/share/ur_msgs/hook/pkg_config_path_multiarch.ps1'
[3.393s] INFO:colcon.colcon_core.shell:Creating environment descriptor '/home/camillo/workspace/Learning/install/ur_msgs/share/ur_msgs/hook/pkg_config_path_multiarch.dsv'
[3.393s] INFO:colcon.colcon_core.shell:Creating environment hook '/home/camillo/workspace/Learning/install/ur_msgs/share/ur_msgs/hook/pkg_config_path_multiarch.sh'
[3.394s] Level 1:colcon.colcon_core.environment:create_environment_scripts_only(ur_msgs)
[3.398s] Level 1:colcon.colcon_core.environment:checking '/home/camillo/workspace/Learning/install/ur_msgs' for CMake module files
[3.398s] Level 1:colcon.colcon_core.environment:checking '/home/camillo/workspace/Learning/install/ur_msgs' for CMake config files
[3.399s] Level 1:colcon.colcon_core.shell:create_environment_hook('ur_msgs', 'cmake_prefix_path')
[3.399s] INFO:colcon.colcon_core.shell:Creating environment hook '/home/camillo/workspace/Learning/install/ur_msgs/share/ur_msgs/hook/cmake_prefix_path.ps1'
[3.399s] INFO:colcon.colcon_core.shell:Creating environment descriptor '/home/camillo/workspace/Learning/install/ur_msgs/share/ur_msgs/hook/cmake_prefix_path.dsv'
[3.400s] INFO:colcon.colcon_core.shell:Creating environment hook '/home/camillo/workspace/Learning/install/ur_msgs/share/ur_msgs/hook/cmake_prefix_path.sh'
[3.400s] Level 1:colcon.colcon_core.environment:checking '/home/camillo/workspace/Learning/install/ur_msgs/lib'
[3.401s] Level 1:colcon.colcon_core.environment:checking '/home/camillo/workspace/Learning/install/ur_msgs/bin'
[3.401s] Level 1:colcon.colcon_core.environment:checking '/home/camillo/workspace/Learning/install/ur_msgs/lib/pkgconfig/ur_msgs.pc'
[3.401s] Level 1:colcon.colcon_core.shell:create_environment_hook('ur_msgs', 'pkg_config')
[3.401s] INFO:colcon.colcon_core.shell:Creating environment hook '/home/camillo/workspace/Learning/install/ur_msgs/share/ur_msgs/hook/pkg_config.ps1'
[3.403s] INFO:colcon.colcon_core.shell:Creating environment descriptor '/home/camillo/workspace/Learning/install/ur_msgs/share/ur_msgs/hook/pkg_config.dsv'
[3.403s] INFO:colcon.colcon_core.shell:Creating environment hook '/home/camillo/workspace/Learning/install/ur_msgs/share/ur_msgs/hook/pkg_config.sh'
[3.406s] Level 1:colcon.colcon_core.environment:checking '/home/camillo/workspace/Learning/install/ur_msgs/lib/python3.10/site-packages'
[3.406s] Level 1:colcon.colcon_core.environment:checking '/home/camillo/workspace/Learning/install/ur_msgs/bin'
[3.407s] INFO:colcon.colcon_core.shell:Creating package script '/home/camillo/workspace/Learning/install/ur_msgs/share/ur_msgs/package.ps1'
[3.408s] INFO:colcon.colcon_core.shell:Creating package descriptor '/home/camillo/workspace/Learning/install/ur_msgs/share/ur_msgs/package.dsv'
[3.408s] INFO:colcon.colcon_core.shell:Creating package script '/home/camillo/workspace/Learning/install/ur_msgs/share/ur_msgs/package.sh'
[3.409s] INFO:colcon.colcon_core.shell:Creating package script '/home/camillo/workspace/Learning/install/ur_msgs/share/ur_msgs/package.bash'
[3.409s] INFO:colcon.colcon_core.shell:Creating package script '/home/camillo/workspace/Learning/install/ur_msgs/share/ur_msgs/package.zsh'
[3.410s] Level 1:colcon.colcon_core.environment:create_file_with_runtime_dependencies(/home/camillo/workspace/Learning/install/ur_msgs/share/colcon-core/packages/ur_msgs)
[3.410s] DEBUG:colcon.colcon_parallel_executor.executor.parallel:closing loop
[3.410s] DEBUG:colcon.colcon_parallel_executor.executor.parallel:loop closed
[3.410s] DEBUG:colcon.colcon_parallel_executor.executor.parallel:run_until_complete finished with '0'
[3.410s] DEBUG:colcon.colcon_core.event_reactor:joining thread
[3.416s] INFO:colcon.colcon_core.plugin_system:Skipping extension 'colcon_notification.desktop_notification.terminal_notifier': Not used on non-Darwin systems
[3.416s] INFO:colcon.colcon_core.plugin_system:Skipping extension 'colcon_notification.desktop_notification.win32': Not used on non-Windows systems
[3.416s] INFO:colcon.colcon_notification.desktop_notification:Sending desktop notification using 'notify2'
[3.425s] DEBUG:colcon.colcon_core.event_reactor:joined thread
[3.425s] INFO:colcon.colcon_core.shell:Creating prefix script '/home/camillo/workspace/Learning/install/local_setup.ps1'
[3.426s] INFO:colcon.colcon_core.shell:Creating prefix util module '/home/camillo/workspace/Learning/install/_local_setup_util_ps1.py'
[3.427s] INFO:colcon.colcon_core.shell:Creating prefix chain script '/home/camillo/workspace/Learning/install/setup.ps1'
[3.432s] INFO:colcon.colcon_core.shell:Creating prefix script '/home/camillo/workspace/Learning/install/local_setup.sh'
[3.433s] INFO:colcon.colcon_core.shell:Creating prefix util module '/home/camillo/workspace/Learning/install/_local_setup_util_sh.py'
[3.433s] INFO:colcon.colcon_core.shell:Creating prefix chain script '/home/camillo/workspace/Learning/install/setup.sh'
[3.439s] INFO:colcon.colcon_core.shell:Creating prefix script '/home/camillo/workspace/Learning/install/local_setup.bash'
[3.440s] INFO:colcon.colcon_core.shell:Creating prefix chain script '/home/camillo/workspace/Learning/install/setup.bash'
[3.443s] INFO:colcon.colcon_core.shell:Creating prefix script '/home/camillo/workspace/Learning/install/local_setup.zsh'
[3.444s] INFO:colcon.colcon_core.shell:Creating prefix chain script '/home/camillo/workspace/Learning/install/setup.zsh'
